[html.themeholy.com/medova/demo/home-medical-clinic.html]
[backblue.gif]
[fade.gif]
[index.html]
[html.themeholy.com/medova/demo/assets/img/favicons/apple-icon-57x57.png]
[html.themeholy.com/medova/demo/assets/img/favicons/apple-icon-60x60.png]
[html.themeholy.com/medova/demo/assets/img/favicons/apple-icon-72x72.png]
[html.themeholy.com/medova/demo/assets/img/favicons/apple-icon-76x76.png]
[html.themeholy.com/medova/demo/assets/img/favicons/apple-icon-114x114.png]
[html.themeholy.com/medova/demo/assets/img/favicons/apple-icon-120x120.png]
[html.themeholy.com/medova/demo/assets/img/favicons/apple-icon-144x144.png]
[html.themeholy.com/medova/demo/assets/img/favicons/apple-icon-152x152.png]
[html.themeholy.com/medova/demo/assets/img/favicons/apple-icon-180x180.png]
[html.themeholy.com/medova/demo/assets/img/favicons/android-icon-192x192.png]
[html.themeholy.com/medova/demo/assets/img/favicons/favicon-32x32.png]
[html.themeholy.com/medova/demo/assets/img/favicons/favicon-96x96.png]
[html.themeholy.com/medova/demo/assets/img/favicons/favicon-16x16.png]
[html.themeholy.com/medova/demo/assets/img/favicons/manifest.json]
[html.themeholy.com/medova/demo/assets/img/favicons/ms-icon-144x144.png]
[html.themeholy.com/medova/demo/assets/css/bootstrap.min.css]
[html.themeholy.com/medova/demo/assets/css/fontawesome.min.css]
[html.themeholy.com/medova/demo/assets/css/magnific-popup.min.css]
[html.themeholy.com/medova/demo/assets/css/swiper-bundle.min.css]
[html.themeholy.com/medova/demo/assets/img/logo.svg]
[html.themeholy.com/medova/demo/assets/css/style.css]
[html.themeholy.com/medova/demo/assets/img/shape/preloader.svg]
[html.themeholy.com/medova/demo/assets/img/product/product_thumb_1_1.jpg]
[html.themeholy.com/medova/demo/assets/img/product/product_thumb_1_2.jpg]
[html.themeholy.com/medova/demo/assets/img/product/product_thumb_1_3.jpg]
[html.themeholy.com/medova/demo/assets/img/product/product_thumb_1_4.jpg]
[html.themeholy.com/medova/demo/assets/img/product/product_thumb_1_5.jpg]
[html.themeholy.com/medova/demo/cart.html]
[html.themeholy.com/medova/demo/checkout.html]
[html.themeholy.com/medova/demo/index.html]
[html.themeholy.com/medova/demo/blog-details.html]
[html.themeholy.com/medova/demo/assets/img/blog/recent-post-1-1.jpg]
[html.themeholy.com/medova/demo/blog.html]
[html.themeholy.com/medova/demo/assets/img/blog/recent-post-1-2.jpg]
[html.themeholy.com/medova/demo/assets/img/blog/recent-post-1-3.jpg]
[html.themeholy.com/medova/demo/assets/img/blog/recent-post-1-4.jpg]
[html.themeholy.com/medova/demo/home-dental-care.html]
[html.themeholy.com/medova/demo/home-pediatric.html]
[html.themeholy.com/medova/demo/about.html]
[html.themeholy.com/medova/demo/service.html]
[html.themeholy.com/medova/demo/service-details.html]
[html.themeholy.com/medova/demo/shop.html]
[html.themeholy.com/medova/demo/shop-details.html]
[html.themeholy.com/medova/demo/wishlist.html]
[html.themeholy.com/medova/demo/doctor.html]
[html.themeholy.com/medova/demo/doctor-details.html]
[html.themeholy.com/medova/demo/case-studies.html]
[html.themeholy.com/medova/demo/case-studies-details.html]
[html.themeholy.com/medova/demo/appointment.html]
[html.themeholy.com/medova/demo/pricing.html]
[html.themeholy.com/medova/demo/error.html]
[html.themeholy.com/medova/demo/blog-grid.html]
[html.themeholy.com/medova/demo/blog-grid-sidebar.html]
[html.themeholy.com/medova/demo/blog-list.html]
[html.themeholy.com/medova/demo/assets/img/icon/grid.svg]
[html.themeholy.com/medova/demo/assets/img/sticky-logo.svg]
[html.themeholy.com/medova/demo/assets/img/pages/home-medical-clinic.jpg]
[html.themeholy.com/medova/demo/home-medical-clinic-op.html]
[html.themeholy.com/medova/demo/assets/img/pages/home-dental-care.jpg]
[html.themeholy.com/medova/demo/home-dental-care-op.html]
[html.themeholy.com/medova/demo/assets/img/pages/home-pediatric.jpg]
[html.themeholy.com/medova/demo/home-pediatric-op.html]
[html.themeholy.com/medova/demo/contact.html]
[html.themeholy.com/medova/demo/assets/img/icon/alarm.svg]
[html.themeholy.com/medova/demo/assets/img/hero/hero_bg_1_1.jpg]
[html.themeholy.com/medova/demo/assets/img/hero/hero-image-1.png]
[html.themeholy.com/medova/demo/assets/img/hero/hero-image-2.png]
[html.themeholy.com/medova/demo/assets/img/hero/hero-image-3.png]
[html.themeholy.com/medova/demo/assets/img/normal/about_1_1.jpg]
[html.themeholy.com/medova/demo/assets/img/normal/about_1_2.jpg]
[html.themeholy.com/medova/demo/assets/img/normal/about_1_3.jpg]
[html.themeholy.com/medova/demo/assets/img/shape/logo.svg]
[html.themeholy.com/medova/demo/assets/img/shape/element-1.png]
[html.themeholy.com/medova/demo/assets/img/icon/service_1_1.svg]
[html.themeholy.com/medova/demo/assets/img/service/service_2_1.jpg]
[html.themeholy.com/medova/demo/assets/img/icon/service_1_2.svg]
[html.themeholy.com/medova/demo/assets/img/service/service_2_2.jpg]
[html.themeholy.com/medova/demo/assets/img/icon/service_1_3.svg]
[html.themeholy.com/medova/demo/assets/img/service/service_2_3.jpg]
[html.themeholy.com/medova/demo/assets/img/icon/service_1_4.svg]
[html.themeholy.com/medova/demo/assets/img/service/service_2_4.jpg]
[html.themeholy.com/medova/demo/assets/img/icon/choose_1_1.svg]
[html.themeholy.com/medova/demo/assets/img/icon/choose_1_2.svg]
[html.themeholy.com/medova/demo/assets/img/icon/choose_1_3.svg]
[html.themeholy.com/medova/demo/assets/img/icon/choose_1_4.svg]
[html.themeholy.com/medova/demo/assets/img/normal/choose-img-1.jpg]
[html.themeholy.com/medova/demo/assets/img/normal/choose-img-2.jpg]
[html.themeholy.com/medova/demo/assets/img/normal/choose-img-3.jpg]
[html.themeholy.com/medova/demo/assets/img/shape/shape-1.png]
[html.themeholy.com/medova/demo/assets/img/shape/element-2.png]
[html.themeholy.com/medova/demo/assets/img/bg/video_bg_1.jpg]
[html.themeholy.com/medova/demo/assets/img/project/project_1_1.jpg]
[html.themeholy.com/medova/demo/assets/img/project/project_1_2.jpg]
[html.themeholy.com/medova/demo/assets/img/project/project_1_3.jpg]
[html.themeholy.com/medova/demo/assets/img/bg/pattern.png]
[html.themeholy.com/medova/demo/assets/img/icon/quote.svg]
[html.themeholy.com/medova/demo/assets/img/testimonial/testi_1_1.png]
[html.themeholy.com/medova/demo/assets/img/testimonial/testi_1_2.png]
[html.themeholy.com/medova/demo/assets/img/testimonial/testi_1_3.png]
[html.themeholy.com/medova/demo/assets/img/shape/pattern.png]
[html.themeholy.com/medova/demo/assets/img/normal/testi-img.jpg]
[html.themeholy.com/medova/demo/assets/img/normal/google.png]
[html.themeholy.com/medova/demo/assets/img/shape/client-1-1.png]
[html.themeholy.com/medova/demo/assets/img/shape/client-1-2.png]
[html.themeholy.com/medova/demo/assets/img/shape/client-1-3.png]
[html.themeholy.com/medova/demo/assets/img/shape/client-1-4.png]
[html.themeholy.com/medova/demo/assets/img/bg/video_bg_2.jpg]
[html.themeholy.com/medova/demo/assets/img/icon/plus.svg]
[html.themeholy.com/medova/demo/assets/img/team/team_1_1.png]
[html.themeholy.com/medova/demo/assets/img/team/team_1_2.png]
[html.themeholy.com/medova/demo/assets/img/team/team_1_3.png]
[html.themeholy.com/medova/demo/assets/img/team/team_1_4.png]
[html.themeholy.com/medova/demo/assets/img/bg/download-bg-1.png]
[html.themeholy.com/medova/demo/assets/img/normal/download-1-1.png]
[html.themeholy.com/medova/demo/assets/img/brand/brand_1_1.svg]
[html.themeholy.com/medova/demo/assets/img/icon/apple.svg]
[html.themeholy.com/medova/demo/assets/img/brand/brand_1_2.svg]
[html.themeholy.com/medova/demo/assets/img/icon/google-play.svg]
[html.themeholy.com/medova/demo/assets/img/brand/brand_1_3.svg]
[html.themeholy.com/medova/demo/assets/img/brand/brand_1_4.svg]
[html.themeholy.com/medova/demo/assets/img/brand/brand_1_5.svg]
[html.themeholy.com/medova/demo/assets/img/bg/contact_bg_1.png]
[html.themeholy.com/medova/demo/assets/img/blog/blog_1_1.jpg]
[html.themeholy.com/medova/demo/assets/img/blog/blog_1_2.jpg]
[html.themeholy.com/medova/demo/assets/img/blog/blog_1_3.jpg]
[html.themeholy.com/medova/demo/assets/img/bg/footer_bg_1.png]
[html.themeholy.com/medova/demo/assets/img/shape/preloader3.svg]
[html.themeholy.com/medova/demo/assets/img/shape/preloader2.svg]
[html.themeholy.com/medova/demo/assets/js/vendor/jquery-3.7.1.min.js]
[html.themeholy.com/medova/demo/assets/js/swiper-bundle.min.js]
[html.themeholy.com/medova/demo/assets/js/bootstrap.min.js]
[html.themeholy.com/medova/demo/assets/js/jquery.magnific-popup.min.js]
[html.themeholy.com/medova/demo/assets/js/jquery.counterup.min.js]
[html.themeholy.com/medova/demo/assets/js/circle-progress.js]
[html.themeholy.com/medova/demo/assets/js/jquery-ui.min.js]
[html.themeholy.com/medova/demo/assets/js/imagesloaded.pkgd.min.js]
[html.themeholy.com/medova/demo/assets/js/isotope.pkgd.min.js]
[html.themeholy.com/medova/demo/assets/js/nice-select.min.js]
[html.themeholy.com/medova/demo/assets/js/wow.min.js]
[html.themeholy.com/medova/demo/assets/js/panolens.min.js]
[html.themeholy.com/medova/demo/assets/js/threesixty.min.js]
[html.themeholy.com/medova/demo/assets/js/gsap.min.js]
[html.themeholy.com/medova/demo/assets/js/ScrollTrigger.min.js]
[html.themeholy.com/medova/demo/assets/js/SplitText.js]
[html.themeholy.com/medova/demo/home-medical-clinic.html]
[html.themeholy.com/medova/demo/assets/js/main.js]
[html.themeholy.com/medova/demo/assets/css/bootstrap.min.css]
[html.themeholy.com/medova/demo/assets/fonts/fontawesome/fa-brands-400.woff2]
[html.themeholy.com/medova/demo/assets/fonts/fontawesome/fa-duotone-900.woff2]
[html.themeholy.com/medova/demo/assets/fonts/fontawesome/fa-brands-400.ttf]
[html.themeholy.com/medova/demo/assets/fonts/fontawesome/fa-light-300.woff2]
[html.themeholy.com/medova/demo/assets/fonts/fontawesome/fa-duotone-900.ttf]
[html.themeholy.com/medova/demo/assets/fonts/fontawesome/fa-regular-400.woff2]
[html.themeholy.com/medova/demo/assets/fonts/fontawesome/fa-solid-900.woff2]
[html.themeholy.com/medova/demo/assets/fonts/fontawesome/fa-regular-400.ttf]
[html.themeholy.com/medova/demo/assets/fonts/fontawesome/fa-light-300.ttf]
[html.themeholy.com/medova/demo/assets/fonts/fontawesome/fa-thin-100.woff2]
[html.themeholy.com/medova/demo/assets/fonts/fontawesome/fa-solid-900.ttf]
[html.themeholy.com/medova/demo/assets/css/fontawesome.min.css]
[html.themeholy.com/medova/demo/assets/css/magnific-popup.min.css]
[html.themeholy.com/medova/demo/assets/css/swiper-bundle.min.css]
[html.themeholy.com/medova/demo/assets/img/theme-img/sub-title.svg]
[html.themeholy.com/medova/demo/assets/img/shape/star.png]
[html.themeholy.com/medova/demo/assets/img/shape/star2.png]
[html.themeholy.com/medova/demo/assets/fonts/fontawesome/fa-thin-100.ttf]
[html.themeholy.com/medova/demo/assets/img/team/element.png]
[html.themeholy.com/medova/demo/assets/img/team/element2.png]
[html.themeholy.com/medova/demo/assets/img/icon/cursor.svg]
[html.themeholy.com/medova/demo/assets/img/shape/process-shape.png]
[html.themeholy.com/medova/demo/assets/css/style.css]
[html.themeholy.com/medova/demo/assets/img/logo.svg]
[html.themeholy.com/medova/demo/assets/img/shape/preloader.svg]
[html.themeholy.com/medova/demo/assets/img/bg/breadcumb-bg.jpg]
[html.themeholy.com/medova/demo/assets/img/icon/Playstore.svg]
[html.themeholy.com/medova/demo/assets/img/logo-white.svg]
[html.themeholy.com/medova/demo/assets/img/icon/call.svg]
[html.themeholy.com/medova/demo/cart.html]
[html.themeholy.com/medova/demo/checkout.html]
[html.themeholy.com/medova/demo/index.html]
[html.themeholy.com/medova/demo/assets/img/blog/blog-s-1-1.jpg]
[html.themeholy.com/medova/demo/assets/img/blog/blog_inner_1.jpg]
[html.themeholy.com/medova/demo/assets/img/blog/blog_inner_2.jpg]
[html.themeholy.com/medova/demo/assets/img/blog/comment-author-2.jpg]
[html.themeholy.com/medova/demo/assets/img/blog/comment-author-1.jpg]
[html.themeholy.com/medova/demo/assets/img/blog/comment-author-3.jpg]
[html.themeholy.com/medova/demo/assets/img/bg/offer_bg_1.jpg]
[html.themeholy.com/medova/demo/blog-details.html]
[html.themeholy.com/medova/demo/assets/img/blog/blog-s-1-2.jpg]
[html.themeholy.com/medova/demo/assets/img/blog/blog-s-1-4.jpg]
[html.themeholy.com/medova/demo/assets/img/blog/blog-s-1-3.jpg]
[html.themeholy.com/medova/demo/blog.html]
[html.themeholy.com/medova/demo/assets/img/hero/hero-2-1.png]
[html.themeholy.com/medova/demo/assets/img/shape/shape2.png]
[html.themeholy.com/medova/demo/assets/img/shape/shape3.png]
[html.themeholy.com/medova/demo/assets/img/shape/element-3.png]
[html.themeholy.com/medova/demo/assets/img/hero/hero-2-2.png]
[html.themeholy.com/medova/demo/assets/img/hero/hero-2-3.png]
[html.themeholy.com/medova/demo/assets/img/normal/about_2_1.jpg]
[html.themeholy.com/medova/demo/assets/img/shape/element-4.png]
[html.themeholy.com/medova/demo/assets/img/service/service-image.jpg]
[html.themeholy.com/medova/demo/assets/img/service/service_overlay_1.jpg]
[html.themeholy.com/medova/demo/assets/img/icon/service_2_1.svg]
[html.themeholy.com/medova/demo/assets/img/service/service_overlay_2.jpg]
[html.themeholy.com/medova/demo/assets/img/icon/service_2_2.svg]
[html.themeholy.com/medova/demo/assets/img/service/service_overlay_3.jpg]
[html.themeholy.com/medova/demo/assets/img/service/service_overlay_4.jpg]
[html.themeholy.com/medova/demo/assets/img/service/service_overlay_5.jpg]
[html.themeholy.com/medova/demo/assets/img/icon/service_2_3.svg]
[html.themeholy.com/medova/demo/assets/img/service/service_overlay_6.jpg]
[html.themeholy.com/medova/demo/assets/img/icon/service_2_4.svg]
[html.themeholy.com/medova/demo/assets/img/normal/stomatology_1.jpg]
[html.themeholy.com/medova/demo/assets/img/normal/stomatology_2.jpg]
[html.themeholy.com/medova/demo/assets/img/normal/img1.jpg]
[html.themeholy.com/medova/demo/assets/img/bg/shape-1.png]
[html.themeholy.com/medova/demo/assets/img/icon/choose_2_1.svg]
[html.themeholy.com/medova/demo/assets/img/icon/choose_2_2.svg]
[html.themeholy.com/medova/demo/assets/img/icon/choose_2_3.svg]
[html.themeholy.com/medova/demo/assets/img/icon/choose_2_4.svg]
[html.themeholy.com/medova/demo/assets/img/shape/element-5.png]
[html.themeholy.com/medova/demo/assets/img/shape/element-6.png]
[html.themeholy.com/medova/demo/assets/img/bg/testi-shape-1.png]
[html.themeholy.com/medova/demo/assets/img/icon/quote2.svg]
[html.themeholy.com/medova/demo/assets/img/testimonial/testi_2_1.png]
[html.themeholy.com/medova/demo/assets/img/testimonial/testi_2_2.png]
[html.themeholy.com/medova/demo/assets/img/testimonial/testi_2_3.png]
[html.themeholy.com/medova/demo/assets/img/testimonial/testi_2_4.png]
[html.themeholy.com/medova/demo/assets/img/testimonial/testi_2_5.png]
[html.themeholy.com/medova/demo/assets/img/testimonial/testi_2_6.png]
[html.themeholy.com/medova/demo/assets/img/shape/element-7.png]
[html.themeholy.com/medova/demo/assets/img/project/project_2_1.jpg]
[html.themeholy.com/medova/demo/assets/img/project/project_2_2.jpg]
[html.themeholy.com/medova/demo/assets/img/project/project_2_3.jpg]
[html.themeholy.com/medova/demo/assets/img/project/project_2_4.jpg]
[html.themeholy.com/medova/demo/assets/img/project/project_2_5.jpg]
[html.themeholy.com/medova/demo/assets/img/bg/team_bg_1.jpg]
[html.themeholy.com/medova/demo/assets/img/shape/team-shape.jpg]
[html.themeholy.com/medova/demo/assets/img/team/team_2_1.png]
[html.themeholy.com/medova/demo/assets/img/icon/call2.svg]
[html.themeholy.com/medova/demo/assets/img/team/team_2_2.png]
[html.themeholy.com/medova/demo/assets/img/team/team_2_3.png]
[html.themeholy.com/medova/demo/assets/img/team/team_2_4.png]
[html.themeholy.com/medova/demo/assets/img/shape/element-8.png]
[html.themeholy.com/medova/demo/assets/img/icon/map-pin.svg]
[html.themeholy.com/medova/demo/assets/img/shape/card-img.png]
[html.themeholy.com/medova/demo/assets/img/normal/faq-image.jpg]
[html.themeholy.com/medova/demo/assets/img/shape/element-9.png]
[html.themeholy.com/medova/demo/assets/img/icon/instagram.svg]
[html.themeholy.com/medova/demo/assets/img/widget/gallery_1_1.jpg]
[html.themeholy.com/medova/demo/assets/img/widget/gallery_1_2.jpg]
[html.themeholy.com/medova/demo/assets/img/widget/gallery_1_3.jpg]
[html.themeholy.com/medova/demo/assets/img/widget/gallery_1_4.jpg]
[html.themeholy.com/medova/demo/assets/img/bg/footer_bg_2.png]
[html.themeholy.com/medova/demo/home-dental-care.html]
[html.themeholy.com/medova/demo/assets/img/icon/grid2.svg]
[html.themeholy.com/medova/demo/assets/img/bg/hero_bg_1.jpg]
[html.themeholy.com/medova/demo/assets/img/shape/client-2-1.png]
[html.themeholy.com/medova/demo/assets/img/shape/client-2-2.png]
[html.themeholy.com/medova/demo/assets/img/shape/client-2-3.png]
[html.themeholy.com/medova/demo/assets/img/shape/client-2-4.png]
[html.themeholy.com/medova/demo/assets/img/hero/hero-3-1.jpg]
[html.themeholy.com/medova/demo/assets/img/hero/hero-3-2.jpg]
[html.themeholy.com/medova/demo/assets/img/hero/hero-3-3.jpg]
[html.themeholy.com/medova/demo/assets/img/icon/feature_1_1.svg]
[html.themeholy.com/medova/demo/assets/img/icon/feature_1_2.svg]
[html.themeholy.com/medova/demo/assets/img/icon/feature_1_3.svg]
[html.themeholy.com/medova/demo/assets/img/normal/about_3_1.jpg]
[html.themeholy.com/medova/demo/assets/img/icon/about_1_2.svg]
[html.themeholy.com/medova/demo/assets/img/icon/about_1_1.svg]
[html.themeholy.com/medova/demo/assets/img/normal/about_3_2.jpg]
[html.themeholy.com/medova/demo/assets/img/normal/author-1.png]
[html.themeholy.com/medova/demo/assets/img/normal/about-video.jpg]
[html.themeholy.com/medova/demo/assets/img/shape/element-10.png]
[html.themeholy.com/medova/demo/assets/img/service/service_1_1.jpg]
[html.themeholy.com/medova/demo/assets/img/service/service_1_2.jpg]
[html.themeholy.com/medova/demo/assets/img/service/service_1_3.jpg]
[html.themeholy.com/medova/demo/assets/img/service/service_1_4.jpg]
[html.themeholy.com/medova/demo/assets/img/bg/choose_bg_1.jpg]
[html.themeholy.com/medova/demo/assets/img/normal/choose-image.png]
[html.themeholy.com/medova/demo/assets/img/shape/ellipse-1.png]
[html.themeholy.com/medova/demo/assets/img/shape/ellipse-2.png]
[html.themeholy.com/medova/demo/assets/img/normal/pediatric_1_1.jpg]
[html.themeholy.com/medova/demo/assets/img/icon/share.svg]
[html.themeholy.com/medova/demo/assets/img/normal/pediatric_1_2.jpg]
[html.themeholy.com/medova/demo/assets/img/normal/pediatric_1_3.jpg]
[html.themeholy.com/medova/demo/assets/img/shape/card.png]
[html.themeholy.com/medova/demo/assets/img/icon/icon-1.svg]
[html.themeholy.com/medova/demo/assets/img/icon/icon-2.svg]
[html.themeholy.com/medova/demo/assets/img/icon/icon-3.svg]
[html.themeholy.com/medova/demo/assets/img/bg/process_bg_1.jpg]
[html.themeholy.com/medova/demo/assets/img/icon/process_1_1.svg]
[html.themeholy.com/medova/demo/assets/img/icon/process_1_2.svg]
[html.themeholy.com/medova/demo/assets/img/icon/process_1_3.svg]
[html.themeholy.com/medova/demo/assets/img/shape/element-12.png]
[html.themeholy.com/medova/demo/assets/img/normal/hospital-img.jpg]
[html.themeholy.com/medova/demo/assets/img/shape/element-14.png]
[html.themeholy.com/medova/demo/assets/img/shape/element-15.png]
[html.themeholy.com/medova/demo/assets/img/shape/element-16.png]
[html.themeholy.com/medova/demo/assets/img/bg/cta_bg_1.jpg]
[html.themeholy.com/medova/demo/assets/img/icon/counter_card_1_1.svg]
[html.themeholy.com/medova/demo/assets/img/icon/counter_card_1_2.svg]
[html.themeholy.com/medova/demo/assets/img/icon/counter_card_1_3.svg]
[html.themeholy.com/medova/demo/assets/img/icon/counter_card_1_4.svg]
[html.themeholy.com/medova/demo/assets/img/gallery/gallery_1_1.jpg]
[html.themeholy.com/medova/demo/assets/img/gallery/gallery_1_2.jpg]
[html.themeholy.com/medova/demo/assets/img/gallery/gallery_1_3.jpg]
[html.themeholy.com/medova/demo/assets/img/gallery/gallery_1_4.jpg]
[html.themeholy.com/medova/demo/assets/img/gallery/gallery_1_5.jpg]
[html.themeholy.com/medova/demo/assets/img/bg/video_bg_3.jpg]
[html.themeholy.com/medova/demo/assets/img/shape/element-17.png]
[html.themeholy.com/medova/demo/assets/img/team/team_3_1.png]
[html.themeholy.com/medova/demo/assets/img/team/team_3_2.png]
[html.themeholy.com/medova/demo/assets/img/team/team_3_3.png]
[html.themeholy.com/medova/demo/assets/img/team/team_3_4.png]
[html.themeholy.com/medova/demo/assets/img/bg/testi_bg_2.png]
[html.themeholy.com/medova/demo/assets/img/icon/quote3.svg]
[html.themeholy.com/medova/demo/assets/img/normal/testi-image.jpg]
[html.themeholy.com/medova/demo/assets/img/shape/line.png]
[html.themeholy.com/medova/demo/assets/img/blog/blog_4_1.jpg]
[html.themeholy.com/medova/demo/assets/img/blog/blog_4_2.jpg]
[html.themeholy.com/medova/demo/assets/img/blog/blog_4_3.jpg]
[html.themeholy.com/medova/demo/assets/img/shape/element-13.png]
[html.themeholy.com/medova/demo/home-pediatric.html]
[html.themeholy.com/medova/demo/assets/img/normal/about_4_1.jpg]
[html.themeholy.com/medova/demo/about.html]
[html.themeholy.com/medova/demo/assets/img/icon/service_1_5.svg]
[html.themeholy.com/medova/demo/assets/img/icon/service_1_6.svg]
[html.themeholy.com/medova/demo/assets/img/icon/service_1_7.svg]
[html.themeholy.com/medova/demo/assets/img/icon/service_1_8.svg]
[html.themeholy.com/medova/demo/assets/img/icon/service_1_9.svg]
[html.themeholy.com/medova/demo/assets/img/icon/service_1_10.svg]
[html.themeholy.com/medova/demo/assets/img/icon/service_1_11.svg]
[html.themeholy.com/medova/demo/assets/img/icon/service_1_12.svg]
[html.themeholy.com/medova/demo/service.html]
[html.themeholy.com/medova/demo/assets/img/service/service_details.jpg]
[html.themeholy.com/medova/demo/assets/img/service/service_inner_1.jpg]
[html.themeholy.com/medova/demo/assets/img/service/service_inner_2.jpg]
[html.themeholy.com/medova/demo/assets/img/service/service_inner_3.jpg]
[html.themeholy.com/medova/demo/assets/img/normal/contact-image.jpg]
[html.themeholy.com/medova/demo/service-details.html]
[html.themeholy.com/medova/demo/assets/img/product/product_1_1.jpg]
[html.themeholy.com/medova/demo/assets/img/product/product_1_2.jpg]
[html.themeholy.com/medova/demo/assets/img/product/product_1_3.jpg]
[html.themeholy.com/medova/demo/assets/img/product/product_1_4.jpg]
[html.themeholy.com/medova/demo/assets/img/product/product_1_5.jpg]
[html.themeholy.com/medova/demo/assets/img/product/product_1_6.jpg]
[html.themeholy.com/medova/demo/assets/img/product/product_1_7.jpg]
[html.themeholy.com/medova/demo/assets/img/product/product_1_8.jpg]
[html.themeholy.com/medova/demo/assets/img/product/product_1_9.jpg]
[html.themeholy.com/medova/demo/shop.html]
[html.themeholy.com/medova/demo/assets/img/product/single-image-1.jpg]
[html.themeholy.com/medova/demo/assets/img/product/single-image-2.jpg]
[html.themeholy.com/medova/demo/assets/img/product/single-image-3.jpg]
[html.themeholy.com/medova/demo/assets/img/shape/cards.png]
[html.themeholy.com/medova/demo/assets/img/blog/comment-author-4.jpg]
[html.themeholy.com/medova/demo/shop-details.html]
[html.themeholy.com/medova/demo/wishlist.html]
[html.themeholy.com/medova/demo/assets/img/team/team_1_5.png]
[html.themeholy.com/medova/demo/assets/img/team/team_1_6.png]
[html.themeholy.com/medova/demo/assets/img/team/team_1_7.png]
[html.themeholy.com/medova/demo/assets/img/team/team_1_8.png]
[html.themeholy.com/medova/demo/doctor.html]
[html.themeholy.com/medova/demo/assets/img/team/sign.png]
[html.themeholy.com/medova/demo/assets/img/team/team_inner_1.jpg]
[html.themeholy.com/medova/demo/assets/img/team/team_inner_2.jpg]
[html.themeholy.com/medova/demo/assets/img/brand/brand_3_1.svg]
[html.themeholy.com/medova/demo/assets/img/brand/brand_3_2.svg]
[html.themeholy.com/medova/demo/assets/img/brand/brand_3_3.svg]
[html.themeholy.com/medova/demo/doctor-details.html]
[html.themeholy.com/medova/demo/assets/img/brand/brand_3_4.svg]
[html.themeholy.com/medova/demo/assets/img/gallery/gallery_2_1.jpg]
[html.themeholy.com/medova/demo/assets/img/gallery/gallery_2_2.jpg]
[html.themeholy.com/medova/demo/assets/img/gallery/gallery_2_3.jpg]
[html.themeholy.com/medova/demo/assets/img/gallery/gallery_2_4.jpg]
[html.themeholy.com/medova/demo/assets/img/gallery/gallery_2_5.jpg]
[html.themeholy.com/medova/demo/assets/img/gallery/gallery_2_6.jpg]
[html.themeholy.com/medova/demo/assets/img/gallery/gallery_2_7.jpg]
[html.themeholy.com/medova/demo/assets/img/gallery/gallery_2_8.jpg]
[html.themeholy.com/medova/demo/assets/img/gallery/gallery_2_9.jpg]
[html.themeholy.com/medova/demo/assets/img/shape/element-18.png]
[html.themeholy.com/medova/demo/case-studies.html]
[html.themeholy.com/medova/demo/assets/img/project/project_details.jpg]
[html.themeholy.com/medova/demo/assets/img/project/project_inner_1.jpg]
[html.themeholy.com/medova/demo/assets/img/project/project_inner_2.jpg]
[html.themeholy.com/medova/demo/assets/img/project/project_inner_3.jpg]
[html.themeholy.com/medova/demo/case-studies-details.html]
[html.themeholy.com/medova/demo/appointment.html]
[html.themeholy.com/medova/demo/assets/img/normal/price-img.jpg]
[html.themeholy.com/medova/demo/pricing.html]
[html.themeholy.com/medova/demo/error.html]
[html.themeholy.com/medova/demo/assets/img/theme-img/error.svg]
[html.themeholy.com/medova/demo/assets/img/blog/blog-grid-1.jpg]
[html.themeholy.com/medova/demo/assets/img/blog/blog-grid-2.jpg]
[html.themeholy.com/medova/demo/assets/img/blog/blog-grid-3.jpg]
[html.themeholy.com/medova/demo/assets/img/blog/blog-grid-4.jpg]
[html.themeholy.com/medova/demo/assets/img/blog/blog-grid-5.jpg]
[html.themeholy.com/medova/demo/assets/img/blog/blog-grid-6.jpg]
[html.themeholy.com/medova/demo/assets/img/blog/blog-grid-7.jpg]
[html.themeholy.com/medova/demo/assets/img/blog/blog-grid-8.jpg]
[html.themeholy.com/medova/demo/assets/img/blog/blog-grid-9.jpg]
[html.themeholy.com/medova/demo/assets/img/blog/blog-grid-10.jpg]
[html.themeholy.com/medova/demo/assets/img/blog/blog-grid-11.jpg]
[html.themeholy.com/medova/demo/assets/img/blog/blog-grid-12.jpg]
[html.themeholy.com/medova/demo/blog-grid.html]
[html.themeholy.com/medova/demo/blog-grid-sidebar.html]
[html.themeholy.com/medova/demo/assets/img/blog/blog-list-1.jpg]
[html.themeholy.com/medova/demo/assets/img/blog/author-1.png]
[html.themeholy.com/medova/demo/assets/img/blog/blog-list-2.jpg]
[html.themeholy.com/medova/demo/assets/img/blog/author-2.png]
[html.themeholy.com/medova/demo/assets/img/blog/blog-list-3.jpg]
[html.themeholy.com/medova/demo/assets/img/blog/author-3.png]
[html.themeholy.com/medova/demo/assets/img/blog/blog-list-4.jpg]
[html.themeholy.com/medova/demo/assets/img/blog/author-4.png]
[html.themeholy.com/medova/demo/assets/img/blog/blog-list-5.jpg]
[html.themeholy.com/medova/demo/assets/img/blog/author-5.png]
[html.themeholy.com/medova/demo/blog-list.html]
[html.themeholy.com/medova/demo/assets/img/icon/grid.svg]
[html.themeholy.com/medova/demo/assets/img/sticky-logo.svg]
[html.themeholy.com/medova/demo/home-medical-clinic-op.html]
[html.themeholy.com/medova/demo/home-dental-care-op.html]
[html.themeholy.com/medova/demo/home-pediatric-op.html]
[html.themeholy.com/medova/demo/assets/img/icon/location-dot.svg]
[html.themeholy.com/medova/demo/contact.html]
[html.themeholy.com/medova/demo/assets/img/icon/alarm.svg]
[html.themeholy.com/medova/demo/assets/img/shape/logo.svg]
[html.themeholy.com/medova/demo/assets/img/icon/service_1_1.svg]
[html.themeholy.com/medova/demo/assets/img/icon/service_1_2.svg]
[html.themeholy.com/medova/demo/assets/img/icon/service_1_3.svg]
[html.themeholy.com/medova/demo/assets/img/icon/service_1_4.svg]
[html.themeholy.com/medova/demo/assets/img/icon/choose_1_1.svg]
[html.themeholy.com/medova/demo/assets/img/icon/choose_1_2.svg]
[html.themeholy.com/medova/demo/assets/img/icon/choose_1_3.svg]
[html.themeholy.com/medova/demo/assets/img/icon/choose_1_4.svg]
[html.themeholy.com/medova/demo/assets/img/icon/quote.svg]
[html.themeholy.com/medova/demo/assets/img/icon/plus.svg]
[html.themeholy.com/medova/demo/assets/img/icon/apple.svg]
[html.themeholy.com/medova/demo/assets/img/icon/google-play.svg]
[html.themeholy.com/medova/demo/assets/img/brand/brand_1_1.svg]
[html.themeholy.com/medova/demo/assets/img/brand/brand_1_2.svg]
[html.themeholy.com/medova/demo/assets/img/brand/brand_1_3.svg]
[html.themeholy.com/medova/demo/assets/img/brand/brand_1_4.svg]
[html.themeholy.com/medova/demo/assets/img/brand/brand_1_5.svg]
[html.themeholy.com/medova/demo/Services.html]
[html.themeholy.com/medova/demo/course.html]
[html.themeholy.com/medova/demo/faq.html]
[html.themeholy.com/medova/demo/assets/img/shape/preloader3.svg]
[html.themeholy.com/medova/demo/assets/img/shape/preloader2.svg]
[html.themeholy.com/medova/demo/assets/img/theme-img/sub-title.svg]
[html.themeholy.com/medova/demo/assets/img/bg/appointment_bg_1.html]
[html.themeholy.com/medova/demo/assets/img/icon/cursor.svg]
[html.themeholy.com/medova/demo/assets/img/shape/circle-shape.html]
[html.themeholy.com/medova/demo/assets/img/icon/line-shape1.html]
[html.themeholy.com/medova/demo/assets/img/icon/Playstore.svg]
[html.themeholy.com/medova/demo/assets/img/logo-white.svg]
[html.themeholy.com/medova/demo/assets/img/icon/call.svg]
[html.themeholy.com/medova/demo/blog-html.html]
[html.themeholy.com/medova/demo/assets/img/icon/service_2_1.svg]
[html.themeholy.com/medova/demo/assets/img/icon/service_2_2.svg]
[html.themeholy.com/medova/demo/assets/img/icon/service_2_3.svg]
[html.themeholy.com/medova/demo/assets/img/icon/service_2_4.svg]
[html.themeholy.com/medova/demo/assets/img/icon/choose_2_1.svg]
[html.themeholy.com/medova/demo/assets/img/icon/choose_2_2.svg]
[html.themeholy.com/medova/demo/assets/img/icon/choose_2_3.svg]
[html.themeholy.com/medova/demo/assets/img/icon/choose_2_4.svg]
[html.themeholy.com/medova/demo/assets/img/icon/quote2.svg]
[html.themeholy.com/medova/demo/assets/img/icon/call2.svg]
[html.themeholy.com/medova/demo/assets/img/icon/map-pin.svg]
[html.themeholy.com/medova/demo/assets/img/icon/instagram.svg]
[html.themeholy.com/medova/demo/assets/img/icon/grid2.svg]
[html.themeholy.com/medova/demo/assets/img/icon/feature_1_1.svg]
[html.themeholy.com/medova/demo/assets/img/icon/feature_1_2.svg]
[html.themeholy.com/medova/demo/assets/img/icon/feature_1_3.svg]
[html.themeholy.com/medova/demo/assets/img/icon/about_1_2.svg]
[html.themeholy.com/medova/demo/assets/img/icon/about_1_1.svg]
[html.themeholy.com/medova/demo/assets/img/icon/share.svg]
[html.themeholy.com/medova/demo/assets/img/icon/icon-1.svg]
[html.themeholy.com/medova/demo/assets/img/icon/icon-2.svg]
[html.themeholy.com/medova/demo/assets/img/icon/icon-3.svg]
[html.themeholy.com/medova/demo/assets/img/icon/process_1_1.svg]
[html.themeholy.com/medova/demo/assets/img/icon/process_1_2.svg]
[html.themeholy.com/medova/demo/assets/img/icon/process_1_3.svg]
[html.themeholy.com/medova/demo/assets/img/icon/counter_card_1_1.svg]
[html.themeholy.com/medova/demo/assets/img/icon/counter_card_1_2.svg]
[html.themeholy.com/medova/demo/assets/img/icon/counter_card_1_3.svg]
[html.themeholy.com/medova/demo/assets/img/icon/counter_card_1_4.svg]
[html.themeholy.com/medova/demo/assets/img/icon/quote3.svg]
[html.themeholy.com/medova/demo/assets/img/icon/service_1_5.svg]
[html.themeholy.com/medova/demo/assets/img/icon/service_1_6.svg]
[html.themeholy.com/medova/demo/assets/img/icon/service_1_7.svg]
[html.themeholy.com/medova/demo/assets/img/icon/service_1_8.svg]
[html.themeholy.com/medova/demo/assets/img/icon/service_1_9.svg]
[html.themeholy.com/medova/demo/assets/img/icon/service_1_10.svg]
[html.themeholy.com/medova/demo/assets/img/icon/service_1_11.svg]
[html.themeholy.com/medova/demo/assets/img/icon/service_1_12.svg]
[html.themeholy.com/medova/demo/assets/img/brand/brand_3_1.svg]
[html.themeholy.com/medova/demo/assets/img/brand/brand_3_2.svg]
[html.themeholy.com/medova/demo/assets/img/brand/brand_3_3.svg]
[html.themeholy.com/medova/demo/assets/img/brand/brand_3_4.svg]
[html.themeholy.com/medova/demo/assets/img/theme-img/error.svg]
[html.themeholy.com/medova/demo/assets/img/icon/location-dot.svg]
